0     LJMP  #0006h
95    LJMP  #0003h
3     LJMP  #0062h
98    MOV   R6, #00h
100   MOV   R7, #00h
102   MOV   A, R6
103   ADD   A, #08h
105   MOV   R0, A
106   MOV   @R0, P0
108   INC   R6
109   CJNE  R6, #00h, #+1
112   INC   R7
113   CLR   C
114   MOV   A, R6
115   SUBB  A, #32h
117   MOV   A, R7
118   XRL   A, #80h
120   SUBB  A, #80h
122   JC    #-22
124   MOV   3Ah, #32h
127   MOV   3Bh, #00h
130   MOV   DPTR, #00008h
133   MOV   B, #40h
136   LCALL #00A7h
139   MOV   R6, #00h
141   MOV   R7, #00h
143   MOV   A, R6
144   ADD   A, #08h
146   MOV   R1, A
147   MOV   P2, @R1
149   INC   R6
150   CJNE  R6, #00h, #+1
153   INC   R7
154   CLR   C
155   MOV   A, R6
156   SUBB  A, #32h
158   MOV   A, R7
159   XRL   A, #80h
161   SUBB  A, #00h
162   SJMP  #+64
164   MOV   A, R2
165   SJMP  #-2
167   MOV   3Ch, DPL
170   MOV   3Dh, DPH
173   MOV   3Eh, B
176   MOV   A, 3Ah
178   ADD   A, #FFh
180   MOV   R3, A
181   MOV   A, 3Bh
183   ADDC  A, #FFh
185   MOV   R4, A
186   MOV   3Fh, #00h
189   MOV   R0, 3Fh
191   MOV   R1, #00h
193   CLR   C
194   MOV   A, R0
195   SUBB  A, R3
196   MOV   A, R1
197   XRL   A, #80h
199   MOV   B, R4
201   XRL   B, #80h
204   SUBB  A, B
206   JC    #+1
208   RET
209   MOV   40h, #00h
212   MOV   R0, 3Fh
214   MOV   R2, #00h
216   MOV   A, 3Ah
218   CLR   C
219   SUBB  A, R0
220   MOV   R0, A
221   MOV   A, 3Bh
223   SUBB  A, R2
224   MOV   R2, A
225   DEC   R0
226   CJNE  R0, #FFh, #+1
229   DEC   R2
230   MOV   41h, 40h
233   MOV   42h, #00h
236   CLR   C
237   MOV   A, 41h
239   SUBB  A, R0
240   MOV   A, 42h
242   XRL   A, #80h
244   MOV   B, R2
246   XRL   B, #80h
249   SUBB  A, B
251   JNC   #+116
253   MOV   A, 40h
255   ADD   A, 3Ch
257   MOV   00h, A
258   ORL   E4h, #35h
261   ADDC  A, R5
262   MOV   44h, A
264   MOV   45h, 3Eh
267   MOV   DPL, 43h
270   MOV   DPH, 44h
273   MOV   B, 45h
276   LCALL #0191h
279   MOV   R2, A
280   MOV   A, #01h
282   ADD   A, 41h
284   MOV   R0, A
285   CLR   A
286   ADDC  A, 42h
288   MOV   R1, A
289   MOV   A, R0
290   ADD   A, 3Ch
292   MOV   R0, A
293   MOV   A, R1
294   ADDC  A, 3Dh
296   MOV   R1, A
297   MOV   R7, 3Eh
299   MOV   DPL, R0
301   MOV   DPH, R1
303   MOV   B, R7
305   LCALL #0191h
308   MOV   R0, A
309   CLR   C
310   SUBB  A, R2
311   JNC   #+51
313   MOV   A, #01h
315   ADD   A, 41h
317   MOV   R6, A
318   CLR   A
319   ADDC  A, 42h
321   MOV   R7, A
322   MOV   A, R6
323   ADD   A, 3Ch
325   MOV   R6, A
326   MOV   A, R7
327   ADDC  A, 3Dh
329   MOV   R7, A
330   MOV   R5, 3Eh
332   MOV   DPL, R6
334   MOV   DPH, R7
336   MOV   B, R5
338   LCALL #0191h
341   MOV   R1, A
342   MOV   DPL, 43h
345   MOV   DPH, 44h
348   MOV   B, 45h
351   LCALL #0176h
354   MOV   DPL, R6
356   MOV   DPH, R7
358   MOV   B, R5
360   MOV   A, R2
361   LCALL #0176h
364   INC   40h
366   LJMP  #00D4h
369   INC   3Fh
371   LJMP  #00BDh
53    CLR   A
54    MOV   R0, #FFh
56    MOV   @R0, A
57    DJNZ  R0, #-3
19    MOV   R1, #00h
21    MOV   A, R1
22    ORL   A, #00h
24    JZ    #+27
26    MOV   R2, #00h
28    MOV   DPTR, #001B1h
31    MOV   R0, #00h
33    MOV   P2, #00h
36    CLR   A
37    MOVC  A, @A+DPTR
38    MOVX  @R0, A
39    INC   DPTR
40    INC   R0
41    CJNE  R0, #00h, #+2
44    INC   P2
46    DJNZ  R1, #-12
48    DJNZ  R2, #-14
50    MOV   00h, #00h
51    ORL   C, /F8h.7
374   JB   B.7, #+17
377   JNB   B.6, #+19
380   MOV   DPH, R0
382   MOV   R0, DPL
384   JB   B.5, #+9
387   MOV   @R0, A
388   MOV   R0, DPH
390   MOV   DPH, #00h
393   RET
394   SJMP  #-2
396   MOVX  @R0, A
397   SJMP  #-11
399   MOVX  @DPTR, A
400   RET
59    MOV   R0, #00h
61    MOV   A, R0
62    ORL   A, #00h
64    JZ    #+10
66    MOV   R1, #00h
68    MOV   P2, #00h
71    CLR   A
72    MOVX  @R1, A
73    INC   R1
74    DJNZ  R0, #-4
76    MOV   R0, #00h
78    MOV   A, R0
79    ORL   A, #00h
81    JZ    #+12
83    MOV   R1, #00h
85    MOV   DPTR, #00000h
88    CLR   A
89    MOVX  @DPTR, A
90    INC   DPTR
91    DJNZ  R0, #-4
93    DJNZ  R1, #-6
6     MOV   SP, #45h
9     LCALL #01ADh
12    MOV   A, DPL
14    JZ    #+3
16    LJMP  #0003h
401   JB   B.7, #+20
404   JNB   B.6, #+20
407   MOV   DPH, R0
409   MOV   R0, DPL
411   JB   B.5, #+7
414   MOV   A, @R0
415   MOV   R0, DPH
417   MOV   DPH, #00h
420   RET
421   MOVX  A, @R0
422   SJMP  #-9
424   CLR   A
425   MOVC  A, @A+DPTR
426   RET
427   MOVX  A, @DPTR
428   RET
429   MOV   DPL, #00h
432   RET
Total Ins:233
Run Test ...
SFRREAD 31 FROM 80
SFRREAD 30 FROM 80
SFRREAD 2F FROM 80
SFRREAD 2E FROM 80
SFRREAD 2D FROM 80
SFRREAD 2C FROM 80
SFRREAD 2B FROM 80
SFRREAD 2A FROM 80
SFRREAD 29 FROM 80
SFRREAD 28 FROM 80
SFRREAD 27 FROM 80
SFRREAD 26 FROM 80
SFRREAD 25 FROM 80
SFRREAD 24 FROM 80
SFRREAD 23 FROM 80
SFRREAD 22 FROM 80
SFRREAD 21 FROM 80
SFRREAD 20 FROM 80
SFRREAD 1F FROM 80
SFRREAD 1E FROM 80
SFRREAD 1D FROM 80
SFRREAD 1C FROM 80
SFRREAD 1B FROM 80
SFRREAD 1A FROM 80
SFRREAD 19 FROM 80
SFRREAD 18 FROM 80
SFRREAD 17 FROM 80
SFRREAD 16 FROM 80
SFRREAD 15 FROM 80
SFRREAD 14 FROM 80
SFRREAD 13 FROM 80
SFRREAD 12 FROM 80
SFRREAD 11 FROM 80
SFRREAD 10 FROM 80
SFRREAD F FROM 80
SFRREAD E FROM 80
SFRREAD D FROM 80
SFRREAD C FROM 80
SFRREAD B FROM 80
SFRREAD A FROM 80
SFRREAD 9 FROM 80
SFRREAD 8 FROM 80
SFRREAD 7 FROM 80
SFRREAD 6 FROM 80
SFRREAD 5 FROM 80
SFRREAD 4 FROM 80
SFRREAD 3 FROM 80
SFRREAD 2 FROM 80
SFRREAD 1 FROM 80
SFRREAD 0 FROM 80
SFRWRITE 0 TO A0
SFRWRITE 1 TO A0
SFRWRITE 2 TO A0
SFRWRITE 3 TO A0
SFRWRITE 4 TO A0
SFRWRITE 5 TO A0
SFRWRITE 6 TO A0
SFRWRITE 7 TO A0
SFRWRITE 8 TO A0
SFRWRITE 9 TO A0
SFRWRITE A TO A0
SFRWRITE B TO A0
SFRWRITE C TO A0
SFRWRITE D TO A0
SFRWRITE E TO A0
SFRWRITE F TO A0
SFRWRITE 10 TO A0
SFRWRITE 11 TO A0
SFRWRITE 12 TO A0
SFRWRITE 13 TO A0
SFRWRITE 14 TO A0
SFRWRITE 15 TO A0
SFRWRITE 16 TO A0
SFRWRITE 17 TO A0
SFRWRITE 18 TO A0
SFRWRITE 19 TO A0
SFRWRITE 1A TO A0
SFRWRITE 1B TO A0
SFRWRITE 1C TO A0
SFRWRITE 1D TO A0
SFRWRITE 1E TO A0
SFRWRITE 1F TO A0
SFRWRITE 20 TO A0
SFRWRITE 21 TO A0
SFRWRITE 22 TO A0
SFRWRITE 23 TO A0
SFRWRITE 24 TO A0
SFRWRITE 25 TO A0
SFRWRITE 26 TO A0
SFRWRITE 27 TO A0
SFRWRITE 28 TO A0
SFRWRITE 29 TO A0
SFRWRITE 2A TO A0
SFRWRITE 2B TO A0
SFRWRITE 2C TO A0
SFRWRITE 2D TO A0
SFRWRITE 2E TO A0
SFRWRITE 2F TO A0
SFRWRITE 30 TO A0
SFRWRITE 31 TO A0
[32mPass[0m
Coverage:80%
Finish Test ...
